<?xml version="1.0" encoding="UTF-8"?>
<Site BuildName="Win32-mingw32-make"
	BuildStamp="20240109-0826-Experimental"
	Name="DESKTOP-B8GG82B"
	Generator="ctest-3.28.0-rc2"
	CompilerName="C:/mingw64/bin/g++.exe"
	CompilerVersion="13.2.0"
	OSName="Windows"
	Hostname="DESKTOP-B8GG82B"
	OSRelease=" Professional"
	OSVersion=" (Build 22621)"
	OSPlatform="AMD64"
	Is64Bits="1"
	VendorString="GenuineIntel"
	VendorID="Intel Corporation"
	FamilyID="6"
	ModelID="7"
	ProcessorCacheSize="-1"
	NumberOfLogicalCPU="20"
	NumberOfPhysicalCPU="12"
	TotalVirtualMemory="69373"
	TotalPhysicalMemory="65277"
	LogicalProcessorsPerPhysical="1"
	ProcessorClockFrequency="2112"
	>
	<Testing>
		<StartDateTime>Jan 09 10:42 South Africa Standard Time</StartDateTime>
		<StartTestTime>1704789747</StartTestTime>
		<TestList/>
		<EndDateTime>Jan 09 10:42 South Africa Standard Time</EndDateTime>
		<EndTestTime>1704789747</EndTestTime>
		<ElapsedMinutes>0</ElapsedMinutes>
	</Testing>
</Site>
